<?xml version="1.0" encoding="UTF-8"?>
<testng-results skipped="0" failed="1" ignored="0" total="1" passed="0">
  <reporter-output>
    <line>
      <![CDATA[</br> click on login link]]>
    </line>
    <line>
      <![CDATA[<a href= 'file://F:/Mars/Javed/AEPS-automation_JavedM3_A/screenshots/asdf2017-01-15.jpg'target='_blank' >asdf2017-01-15</a>]]>
    </line>
    <line>
      <![CDATA[</br> click on sign in button]]>
    </line>
    <line>
      <![CDATA[</br>verify validation message Please enter valid Email ID/Mobile number]]>
    </line>
    <line>
      <![CDATA[</br>enter invalid user name]]>
    </line>
    <line>
      <![CDATA[</br>click on sign in button]]>
    </line>
    <line>
      <![CDATA[</br>verify validation message Please enter Password]]>
    </line>
    <line>
      <![CDATA[</br>enter invalid user name]]>
    </line>
    <line>
      <![CDATA[</br>enter wrong password]]>
    </line>
    <line>
      <![CDATA[</br>click on sign in button]]>
    </line>
    <line>
      <![CDATA[<a href= 'file://F:/Mars/Javed/AEPS-automation_JavedM3_A/screenshots/asdg2017-01-15.jpg'target='_blank' >asdg2017-01-15</a>]]>
    </line>
    <line>
      <![CDATA[</br>verify validation message You are not registered with us. Please sign up]]>
    </line>
  </reporter-output>
  <suite name="Default suite" duration-ms="109097" started-at="2017-01-15T06:19:40Z" finished-at="2017-01-15T06:21:29Z">
    <groups>
    </groups>
    <test name="Default test" duration-ms="109097" started-at="2017-01-15T06:19:40Z" finished-at="2017-01-15T06:21:29Z">
      <class name="com.aeps.testscript.InValidLoginVallidation">
        <test-method status="PASS" signature="setUp(java.lang.String)[pri:0, instance:com.aeps.testscript.InValidLoginVallidation@627551fb]" name="setUp" is-config="true" duration-ms="32793" started-at="2017-01-15T11:49:40Z" finished-at="2017-01-15T11:50:13Z">
          <params>
            <param index="0">
              <value is-null="true"/>
            </param>
          </params>
          <reporter-output>
          </reporter-output>
        </test-method> <!-- setUp -->
        <test-method status="PASS" signature="beforeClass()[pri:0, instance:com.aeps.testscript.InValidLoginVallidation@627551fb]" name="beforeClass" is-config="true" duration-ms="13466" started-at="2017-01-15T11:50:13Z" finished-at="2017-01-15T11:50:26Z">
          <reporter-output>
          </reporter-output>
        </test-method> <!-- beforeClass -->
        <test-method status="FAIL" signature="VerifyLoginValidation()[pri:0, instance:com.aeps.testscript.InValidLoginVallidation@627551fb]" name="VerifyLoginValidation" duration-ms="57712" started-at="2017-01-15T11:50:27Z" description="Desc: verify login validation" finished-at="2017-01-15T11:51:25Z">
          <exception class="org.openqa.selenium.TimeoutException">
            <message>
              <![CDATA[Timed out after 30 seconds waiting for element to be clickable: [[FirefoxDriver: firefox on WINDOWS (ad86cb2a-61e9-4d23-b7f6-4a3c4f41275d)] -> xpath: //div[@class='JAUzCh']]
Build info: version: '2.53.1', revision: 'a36b8b1cd5757287168e54b817830adce9b0158d', time: '2016-06-30 19:26:09'
System info: host: 'karthickmasan', ip: '192.168.43.24', os.name: 'Windows 10', os.arch: 'amd64', os.version: '10.0', java.version: '1.8.0_60'
Driver info: org.openqa.selenium.firefox.FirefoxDriver
Capabilities [{applicationCacheEnabled=true, rotatable=false, handlesAlerts=true, databaseEnabled=true, version=43.0.1, platform=WINDOWS, nativeEvents=false, acceptSslCerts=true, webStorageEnabled=true, locationContextEnabled=true, browserName=firefox, takesScreenshot=true, javascriptEnabled=true, cssSelectorsEnabled=true}]
Session ID: ad86cb2a-61e9-4d23-b7f6-4a3c4f41275d]]>
            </message>
            <full-stacktrace>
              <![CDATA[org.openqa.selenium.TimeoutException: Timed out after 30 seconds waiting for element to be clickable: [[FirefoxDriver: firefox on WINDOWS (ad86cb2a-61e9-4d23-b7f6-4a3c4f41275d)] -> xpath: //div[@class='JAUzCh']]
Build info: version: '2.53.1', revision: 'a36b8b1cd5757287168e54b817830adce9b0158d', time: '2016-06-30 19:26:09'
System info: host: 'karthickmasan', ip: '192.168.43.24', os.name: 'Windows 10', os.arch: 'amd64', os.version: '10.0', java.version: '1.8.0_60'
Driver info: org.openqa.selenium.firefox.FirefoxDriver
Capabilities [{applicationCacheEnabled=true, rotatable=false, handlesAlerts=true, databaseEnabled=true, version=43.0.1, platform=WINDOWS, nativeEvents=false, acceptSslCerts=true, webStorageEnabled=true, locationContextEnabled=true, browserName=firefox, takesScreenshot=true, javascriptEnabled=true, cssSelectorsEnabled=true}]
Session ID: ad86cb2a-61e9-4d23-b7f6-4a3c4f41275d
	at org.openqa.selenium.support.ui.WebDriverWait.timeoutException(WebDriverWait.java:80)
	at org.openqa.selenium.support.ui.FluentWait.until(FluentWait.java:261)
	at com.aeps.selenium.framework.BasePage.waitForElement(BasePage.java:175)
	at com.aeps.pages.ebay.HomePage.getWrongCredentialMsg(HomePage.java:74)
	at com.aeps.testscript.InValidLoginVallidation.VerifyLoginValidation(InValidLoginVallidation.java:68)
	at sun.reflect.NativeMethodAccessorImpl.invoke0(Native Method)
	at sun.reflect.NativeMethodAccessorImpl.invoke(Unknown Source)
	at sun.reflect.DelegatingMethodAccessorImpl.invoke(Unknown Source)
	at java.lang.reflect.Method.invoke(Unknown Source)
	at org.testng.internal.MethodInvocationHelper.invokeMethod(MethodInvocationHelper.java:104)
	at org.testng.internal.Invoker.invokeMethod(Invoker.java:645)
	at org.testng.internal.Invoker.invokeTestMethod(Invoker.java:851)
	at org.testng.internal.Invoker.invokeTestMethods(Invoker.java:1177)
	at org.testng.internal.TestMethodWorker.invokeTestMethods(TestMethodWorker.java:129)
	at org.testng.internal.TestMethodWorker.run(TestMethodWorker.java:112)
	at org.testng.TestRunner.privateRun(TestRunner.java:756)
	at org.testng.TestRunner.run(TestRunner.java:610)
	at org.testng.SuiteRunner.runTest(SuiteRunner.java:387)
	at org.testng.SuiteRunner.runSequentially(SuiteRunner.java:382)
	at org.testng.SuiteRunner.privateRun(SuiteRunner.java:340)
	at org.testng.SuiteRunner.run(SuiteRunner.java:289)
	at org.testng.SuiteRunnerWorker.runSuite(SuiteRunnerWorker.java:52)
	at org.testng.SuiteRunnerWorker.run(SuiteRunnerWorker.java:86)
	at org.testng.TestNG.runSuitesSequentially(TestNG.java:1293)
	at org.testng.TestNG.runSuitesLocally(TestNG.java:1218)
	at org.testng.TestNG.runSuites(TestNG.java:1133)
	at org.testng.TestNG.run(TestNG.java:1104)
	at org.testng.remote.AbstractRemoteTestNG.run(AbstractRemoteTestNG.java:132)
	at org.testng.remote.RemoteTestNG.initAndRun(RemoteTestNG.java:236)
	at org.testng.remote.RemoteTestNG.main(RemoteTestNG.java:81)
]]>
            </full-stacktrace>
          </exception> <!-- org.openqa.selenium.TimeoutException -->
          <reporter-output>
            <line>
              <![CDATA[</br> click on login link]]>
            </line>
            <line>
              <![CDATA[<a href= 'file://F:/Mars/Javed/AEPS-automation_JavedM3_A/screenshots/asdf2017-01-15.jpg'target='_blank' >asdf2017-01-15</a>]]>
            </line>
            <line>
              <![CDATA[</br> click on sign in button]]>
            </line>
            <line>
              <![CDATA[</br>verify validation message Please enter valid Email ID/Mobile number]]>
            </line>
            <line>
              <![CDATA[</br>enter invalid user name]]>
            </line>
            <line>
              <![CDATA[</br>click on sign in button]]>
            </line>
            <line>
              <![CDATA[</br>verify validation message Please enter Password]]>
            </line>
            <line>
              <![CDATA[</br>enter invalid user name]]>
            </line>
            <line>
              <![CDATA[</br>enter wrong password]]>
            </line>
            <line>
              <![CDATA[</br>click on sign in button]]>
            </line>
            <line>
              <![CDATA[<a href= 'file://F:/Mars/Javed/AEPS-automation_JavedM3_A/screenshots/asdg2017-01-15.jpg'target='_blank' >asdg2017-01-15</a>]]>
            </line>
            <line>
              <![CDATA[</br>verify validation message You are not registered with us. Please sign up]]>
            </line>
          </reporter-output>
        </test-method> <!-- VerifyLoginValidation -->
        <test-method status="PASS" signature="afterMainMethod()[pri:0, instance:com.aeps.testscript.InValidLoginVallidation@627551fb]" name="afterMainMethod" is-config="true" duration-ms="4466" started-at="2017-01-15T11:51:25Z" finished-at="2017-01-15T11:51:29Z">
          <reporter-output>
          </reporter-output>
        </test-method> <!-- afterMainMethod -->
      </class> <!-- com.aeps.testscript.InValidLoginVallidation -->
    </test> <!-- Default test -->
  </suite> <!-- Default suite -->
</testng-results>
